# JRE version: Java(TM) SE Runtime Environment (8.0_172-b11) (build 1.8.0_172-b11)
# Java VM: Java HotSpot(TM) 64-Bit Server VM (25.172-b11 mixed mode linux-amd64 compressed oops)
Heap:
 PSYoungGen      total 70656K, used 8192K [0x00000000f6200000, 0x00000000fb100000, 0x0000000100000000)
  eden space 62464K, 0% used [0x00000000f6200000,0x00000000f6200000,0x00000000f9f00000)
  from space 8192K, 100% used [0x00000000f9f00000,0x00000000fa700000,0x00000000fa700000)
  to   space 6144K, 0% used [0x00000000fa700000,0x00000000fa700000,0x00000000fad00000)
 ParOldGen       total 20480K, used 16078K [0x00000000e2600000, 0x00000000e3a00000, 0x00000000f6200000)
  object space 20480K, 78% used [0x00000000e2600000,0x00000000e35b3a60,0x00000000e3a00000)
 Metaspace       used 16539K, capacity 16776K, committed 17024K, reserved 1064960K
  class space    used 1986K, capacity 2074K, committed 2176K, reserved 1048576K
GC Heap History (10 events):
Event: 1.723 GC heap after
Heap after GC invocations=4 (full 0):
 PSYoungGen      total 17408K, used 1012K [0x00000000f6200000, 0x00000000f7400000, 0x0000000100000000)
  eden space 16384K, 0% used [0x00000000f6200000,0x00000000f6200000,0x00000000f7200000)
  from space 1024K, 98% used [0x00000000f7300000,0x00000000f73fd350,0x00000000f7400000)
  to   space 1024K, 0% used [0x00000000f7200000,0x00000000f7200000,0x00000000f7300000)
 ParOldGen       total 20480K, used 4395K [0x00000000e2600000, 0x00000000e3a00000, 0x00000000f6200000)
  object space 20480K, 21% used [0x00000000e2600000,0x00000000e2a4ae68,0x00000000e3a00000)
 Metaspace       used 8306K, capacity 8444K, committed 8576K, reserved 1056768K
  class space    used 1033K, capacity 1112K, committed 1152K, reserved 1048576K
}
Event: 2.232 GC heap before
{Heap before GC invocations=5 (full 0):
 PSYoungGen      total 17408K, used 17396K [0x00000000f6200000, 0x00000000f7400000, 0x0000000100000000)
  eden space 16384K, 100% used [0x00000000f6200000,0x00000000f7200000,0x00000000f7200000)
  from space 1024K, 98% used [0x00000000f7300000,0x00000000f73fd350,0x00000000f7400000)
  to   space 1024K, 0% used [0x00000000f7200000,0x00000000f7200000,0x00000000f7300000)
 ParOldGen       total 20480K, used 4395K [0x00000000e2600000, 0x00000000e3a00000, 0x00000000f6200000)
  object space 20480K, 21% used [0x00000000e2600000,0x00000000e2a4ae68,0x00000000e3a00000)
 Metaspace       used 10508K, capacity 10686K, committed 11008K, reserved 1058816K
  class space    used 1324K, capacity 1411K, committed 1536K, reserved 1048576K
Event: 2.246 GC heap after
Heap after GC invocations=5 (full 0):
 PSYoungGen      total 17408K, used 1024K [0x00000000f6200000, 0x00000000f8a00000, 0x0000000100000000)
  eden space 16384K, 0% used [0x00000000f6200000,0x00000000f6200000,0x00000000f7200000)
  from space 1024K, 100% used [0x00000000f7200000,0x00000000f7300000,0x00000000f7300000)
  to   space 4096K, 0% used [0x00000000f8600000,0x00000000f8600000,0x00000000f8a00000)
 ParOldGen       total 20480K, used 7359K [0x00000000e2600000, 0x00000000e3a00000, 0x00000000f6200000)
  object space 20480K, 35% used [0x00000000e2600000,0x00000000e2d2fc98,0x00000000e3a00000)
 Metaspace       used 10508K, capacity 10686K, committed 11008K, reserved 1058816K
  class space    used 1324K, capacity 1411K, committed 1536K, reserved 1048576K
}
Event: 2.937 GC heap before
{Heap before GC invocations=6 (full 0):
 PSYoungGen      total 17408K, used 17408K [0x00000000f6200000, 0x00000000f8a00000, 0x0000000100000000)
  eden space 16384K, 100% used [0x00000000f6200000,0x00000000f7200000,0x00000000f7200000)
  from space 1024K, 100% used [0x00000000f7200000,0x00000000f7300000,0x00000000f7300000)
  to   space 4096K, 0% used [0x00000000f8600000,0x00000000f8600000,0x00000000f8a00000)
 ParOldGen       total 20480K, used 7359K [0x00000000e2600000, 0x00000000e3a00000, 0x00000000f6200000)
  object space 20480K, 35% used [0x00000000e2600000,0x00000000e2d2fc98,0x00000000e3a00000)
 Metaspace       used 12623K, capacity 12846K, committed 13056K, reserved 1060864K
  class space    used 1601K, capacity 1701K, committed 1792K, reserved 1048576K
Event: 2.949 GC heap after
Heap after GC invocations=6 (full 0):
 PSYoungGen      total 36352K, used 3917K [0x00000000f6200000, 0x00000000f8b00000, 0x0000000100000000)
  eden space 32256K, 0% used [0x00000000f6200000,0x00000000f6200000,0x00000000f8180000)
  from space 4096K, 95% used [0x00000000f8600000,0x00000000f89d3680,0x00000000f8a00000)
  to   space 4608K, 0% used [0x00000000f8180000,0x00000000f8180000,0x00000000f8600000)
 ParOldGen       total 20480K, used 7359K [0x00000000e2600000, 0x00000000e3a00000, 0x00000000f6200000)
  object space 20480K, 35% used [0x00000000e2600000,0x00000000e2d2fc98,0x00000000e3a00000)
 Metaspace       used 12623K, capacity 12846K, committed 13056K, reserved 1060864K
  class space    used 1601K, capacity 1701K, committed 1792K, reserved 1048576K
}
Event: 4.427 GC heap before
{Heap before GC invocations=7 (full 0):
 PSYoungGen      total 36352K, used 36173K [0x00000000f6200000, 0x00000000f8b00000, 0x0000000100000000)
  eden space 32256K, 100% used [0x00000000f6200000,0x00000000f8180000,0x00000000f8180000)
  from space 4096K, 95% used [0x00000000f8600000,0x00000000f89d3680,0x00000000f8a00000)
  to   space 4608K, 0% used [0x00000000f8180000,0x00000000f8180000,0x00000000f8600000)
 ParOldGen       total 20480K, used 7359K [0x00000000e2600000, 0x00000000e3a00000, 0x00000000f6200000)
  object space 20480K, 35% used [0x00000000e2600000,0x00000000e2d2fc98,0x00000000e3a00000)
 Metaspace       used 15596K, capacity 15812K, committed 16128K, reserved 1062912K
  class space    used 1932K, capacity 2035K, committed 2048K, reserved 1048576K
Event: 4.443 GC heap after
Heap after GC invocations=7 (full 0):
 PSYoungGen      total 36864K, used 4592K [0x00000000f6200000, 0x00000000fad00000, 0x0000000100000000)
  eden space 32256K, 0% used [0x00000000f6200000,0x00000000f6200000,0x00000000f8180000)
  from space 4608K, 99% used [0x00000000f8180000,0x00000000f85fc030,0x00000000f8600000)
  to   space 6144K, 0% used [0x00000000fa700000,0x00000000fa700000,0x00000000fad00000)
 ParOldGen       total 20480K, used 8446K [0x00000000e2600000, 0x00000000e3a00000, 0x00000000f6200000)
  object space 20480K, 41% used [0x00000000e2600000,0x00000000e2e3f9a8,0x00000000e3a00000)
 Metaspace       used 15596K, capacity 15812K, committed 16128K, reserved 1062912K
  class space    used 1932K, capacity 2035K, committed 2048K, reserved 1048576K
}
Event: 5.135 GC heap before
{Heap before GC invocations=8 (full 0):
 PSYoungGen      total 36864K, used 36848K [0x00000000f6200000, 0x00000000fad00000, 0x0000000100000000)
  eden space 32256K, 100% used [0x00000000f6200000,0x00000000f8180000,0x00000000f8180000)
  from space 4608K, 99% used [0x00000000f8180000,0x00000000f85fc030,0x00000000f8600000)
  to   space 6144K, 0% used [0x00000000fa700000,0x00000000fa700000,0x00000000fad00000)
 ParOldGen       total 20480K, used 8446K [0x00000000e2600000, 0x00000000e3a00000, 0x00000000f6200000)
  object space 20480K, 41% used [0x00000000e2600000,0x00000000e2e3f9a8,0x00000000e3a00000)
 Metaspace       used 15902K, capacity 16080K, committed 16384K, reserved 1062912K
  class space    used 1945K, capacity 2037K, committed 2048K, reserved 1048576K
Event: 5.172 GC heap after
Heap after GC invocations=8 (full 0):
 PSYoungGen      total 68608K, used 6128K [0x00000000f6200000, 0x00000000fb100000, 0x0000000100000000)
  eden space 62464K, 0% used [0x00000000f6200000,0x00000000f6200000,0x00000000f9f00000)
  from space 6144K, 99% used [0x00000000fa700000,0x00000000facfc030,0x00000000fad00000)
  to   space 8192K, 0% used [0x00000000f9f00000,0x00000000f9f00000,0x00000000fa700000)
 ParOldGen       total 20480K, used 10807K [0x00000000e2600000, 0x00000000e3a00000, 0x00000000f6200000)
  object space 20480K, 52% used [0x00000000e2600000,0x00000000e308dfe8,0x00000000e3a00000)
 Metaspace       used 15902K, capacity 16080K, committed 16384K, reserved 1062912K
  class space    used 1945K, capacity 2037K, committed 2048K, reserved 1048576K
}
Event: 6.426 GC heap before
{Heap before GC invocations=9 (full 0):
 PSYoungGen      total 68608K, used 68592K [0x00000000f6200000, 0x00000000fb100000, 0x0000000100000000)
  eden space 62464K, 100% used [0x00000000f6200000,0x00000000f9f00000,0x00000000f9f00000)
  from space 6144K, 99% used [0x00000000fa700000,0x00000000facfc030,0x00000000fad00000)
  to   space 8192K, 0% used [0x00000000f9f00000,0x00000000f9f00000,0x00000000fa700000)
 ParOldGen       total 20480K, used 10807K [0x00000000e2600000, 0x00000000e3a00000, 0x00000000f6200000)
  object space 20480K, 52% used [0x00000000e2600000,0x00000000e308dfe8,0x00000000e3a00000)
 Metaspace       used 16539K, capacity 16776K, committed 17024K, reserved 1064960K
  class space    used 1986K, capacity 2074K, committed 2176K, reserved 1048576K

