# JRE version: Java(TM) SE Runtime Environment (8.0_172-b11) (build 1.8.0_172-b11)
# Java VM: Java HotSpot(TM) 64-Bit Server VM (25.172-b11 mixed mode linux-amd64 compressed oops)
Heap:
 PSYoungGen      total 93696K, used 6143K [0x00000000f6200000, 0x00000000fce00000, 0x0000000100000000)
  eden space 87552K, 0% used [0x00000000f6200000,0x00000000f6200000,0x00000000fb780000)
  from space 6144K, 99% used [0x00000000fc200000,0x00000000fc7fff90,0x00000000fc800000)
  to   space 3584K, 0% used [0x00000000fca80000,0x00000000fca80000,0x00000000fce00000)
 ParOldGen       total 20480K, used 10242K [0x00000000e2600000, 0x00000000e3a00000, 0x00000000f6200000)
  object space 20480K, 50% used [0x00000000e2600000,0x00000000e30008d0,0x00000000e3a00000)
 Metaspace       used 24807K, capacity 25638K, committed 25984K, reserved 1071104K
  class space    used 3371K, capacity 3595K, committed 3712K, reserved 1048576K
GC Heap History (10 events):
Event: 2.318 GC heap after
Heap after GC invocations=7 (full 0):
 PSYoungGen      total 35840K, used 3571K [0x00000000f6200000, 0x00000000faa00000, 0x0000000100000000)
  eden space 32256K, 0% used [0x00000000f6200000,0x00000000f6200000,0x00000000f8180000)
  from space 3584K, 99% used [0x00000000f8180000,0x00000000f84fce38,0x00000000f8500000)
  to   space 4608K, 0% used [0x00000000fa580000,0x00000000fa580000,0x00000000faa00000)
 ParOldGen       total 20480K, used 5468K [0x00000000e2600000, 0x00000000e3a00000, 0x00000000f6200000)
  object space 20480K, 26% used [0x00000000e2600000,0x00000000e2b57110,0x00000000e3a00000)
 Metaspace       used 15036K, capacity 15430K, committed 15488K, reserved 1062912K
  class space    used 2019K, capacity 2169K, committed 2176K, reserved 1048576K
}
Event: 2.975 GC heap before
{Heap before GC invocations=8 (full 0):
 PSYoungGen      total 35840K, used 35827K [0x00000000f6200000, 0x00000000faa00000, 0x0000000100000000)
  eden space 32256K, 100% used [0x00000000f6200000,0x00000000f8180000,0x00000000f8180000)
  from space 3584K, 99% used [0x00000000f8180000,0x00000000f84fce38,0x00000000f8500000)
  to   space 4608K, 0% used [0x00000000fa580000,0x00000000fa580000,0x00000000faa00000)
 ParOldGen       total 20480K, used 5468K [0x00000000e2600000, 0x00000000e3a00000, 0x00000000f6200000)
  object space 20480K, 26% used [0x00000000e2600000,0x00000000e2b57110,0x00000000e3a00000)
 Metaspace       used 19171K, capacity 19692K, committed 19968K, reserved 1067008K
  class space    used 2562K, capacity 2718K, committed 2816K, reserved 1048576K
Event: 3.004 GC heap after
Heap after GC invocations=8 (full 0):
 PSYoungGen      total 67584K, used 4605K [0x00000000f6200000, 0x00000000fad00000, 0x0000000100000000)
  eden space 62976K, 0% used [0x00000000f6200000,0x00000000f6200000,0x00000000f9f80000)
  from space 4608K, 99% used [0x00000000fa580000,0x00000000fa9ff608,0x00000000faa00000)
  to   space 6144K, 0% used [0x00000000f9f80000,0x00000000f9f80000,0x00000000fa580000)
 ParOldGen       total 20480K, used 7216K [0x00000000e2600000, 0x00000000e3a00000, 0x00000000f6200000)
  object space 20480K, 35% used [0x00000000e2600000,0x00000000e2d0c2c0,0x00000000e3a00000)
 Metaspace       used 19171K, capacity 19692K, committed 19968K, reserved 1067008K
  class space    used 2562K, capacity 2718K, committed 2816K, reserved 1048576K
}
Event: 3.242 GC heap before
{Heap before GC invocations=9 (full 0):
 PSYoungGen      total 67584K, used 10463K [0x00000000f6200000, 0x00000000fad00000, 0x0000000100000000)
  eden space 62976K, 9% used [0x00000000f6200000,0x00000000f67b8958,0x00000000f9f80000)
  from space 4608K, 99% used [0x00000000fa580000,0x00000000fa9ff608,0x00000000faa00000)
  to   space 6144K, 0% used [0x00000000f9f80000,0x00000000f9f80000,0x00000000fa580000)
 ParOldGen       total 20480K, used 7216K [0x00000000e2600000, 0x00000000e3a00000, 0x00000000f6200000)
  object space 20480K, 35% used [0x00000000e2600000,0x00000000e2d0c2c0,0x00000000e3a00000)
 Metaspace       used 20717K, capacity 21230K, committed 21296K, reserved 1067008K
  class space    used 2755K, capacity 2925K, committed 2944K, reserved 1048576K
Event: 3.265 GC heap after
Heap after GC invocations=9 (full 0):
 PSYoungGen      total 69120K, used 2762K [0x00000000f6200000, 0x00000000fd080000, 0x0000000100000000)
  eden space 62976K, 0% used [0x00000000f6200000,0x00000000f6200000,0x00000000f9f80000)
  from space 6144K, 44% used [0x00000000f9f80000,0x00000000fa232980,0x00000000fa580000)
  to   space 6144K, 0% used [0x00000000fca80000,0x00000000fca80000,0x00000000fd080000)
 ParOldGen       total 20480K, used 7832K [0x00000000e2600000, 0x00000000e3a00000, 0x00000000f6200000)
  object space 20480K, 38% used [0x00000000e2600000,0x00000000e2da60d8,0x00000000e3a00000)
 Metaspace       used 20717K, capacity 21230K, committed 21296K, reserved 1067008K
  class space    used 2755K, capacity 2925K, committed 2944K, reserved 1048576K
}
Event: 3.265 GC heap before
{Heap before GC invocations=10 (full 1):
 PSYoungGen      total 69120K, used 2762K [0x00000000f6200000, 0x00000000fd080000, 0x0000000100000000)
  eden space 62976K, 0% used [0x00000000f6200000,0x00000000f6200000,0x00000000f9f80000)
  from space 6144K, 44% used [0x00000000f9f80000,0x00000000fa232980,0x00000000fa580000)
  to   space 6144K, 0% used [0x00000000fca80000,0x00000000fca80000,0x00000000fd080000)
 ParOldGen       total 20480K, used 7832K [0x00000000e2600000, 0x00000000e3a00000, 0x00000000f6200000)
  object space 20480K, 38% used [0x00000000e2600000,0x00000000e2da60d8,0x00000000e3a00000)
 Metaspace       used 20717K, capacity 21230K, committed 21296K, reserved 1067008K
  class space    used 2755K, capacity 2925K, committed 2944K, reserved 1048576K
Event: 3.409 GC heap after
Heap after GC invocations=10 (full 1):
 PSYoungGen      total 69120K, used 0K [0x00000000f6200000, 0x00000000fd080000, 0x0000000100000000)
  eden space 62976K, 0% used [0x00000000f6200000,0x00000000f6200000,0x00000000f9f80000)
  from space 6144K, 0% used [0x00000000f9f80000,0x00000000f9f80000,0x00000000fa580000)
  to   space 6144K, 0% used [0x00000000fca80000,0x00000000fca80000,0x00000000fd080000)
 ParOldGen       total 20480K, used 7373K [0x00000000e2600000, 0x00000000e3a00000, 0x00000000f6200000)
  object space 20480K, 36% used [0x00000000e2600000,0x00000000e2d336a8,0x00000000e3a00000)
 Metaspace       used 20715K, capacity 21224K, committed 21296K, reserved 1067008K
  class space    used 2754K, capacity 2924K, committed 2944K, reserved 1048576K
}
Event: 4.981 GC heap before
{Heap before GC invocations=11 (full 1):
 PSYoungGen      total 69120K, used 62976K [0x00000000f6200000, 0x00000000fd080000, 0x0000000100000000)
  eden space 62976K, 100% used [0x00000000f6200000,0x00000000f9f80000,0x00000000f9f80000)
  from space 6144K, 0% used [0x00000000f9f80000,0x00000000f9f80000,0x00000000fa580000)
  to   space 6144K, 0% used [0x00000000fca80000,0x00000000fca80000,0x00000000fd080000)
 ParOldGen       total 20480K, used 7373K [0x00000000e2600000, 0x00000000e3a00000, 0x00000000f6200000)
  object space 20480K, 36% used [0x00000000e2600000,0x00000000e2d336a8,0x00000000e3a00000)
 Metaspace       used 22270K, capacity 22928K, committed 23168K, reserved 1069056K
  class space    used 2955K, capacity 3164K, committed 3200K, reserved 1048576K
Event: 5.025 GC heap after
Heap after GC invocations=11 (full 1):
 PSYoungGen      total 91136K, used 3510K [0x00000000f6200000, 0x00000000fce00000, 0x0000000100000000)
  eden space 87552K, 0% used [0x00000000f6200000,0x00000000f6200000,0x00000000fb780000)
  from space 3584K, 97% used [0x00000000fca80000,0x00000000fcded8b8,0x00000000fce00000)
  to   space 6144K, 0% used [0x00000000fc200000,0x00000000fc200000,0x00000000fc800000)
 ParOldGen       total 20480K, used 7381K [0x00000000e2600000, 0x00000000e3a00000, 0x00000000f6200000)
  object space 20480K, 36% used [0x00000000e2600000,0x00000000e2d356a8,0x00000000e3a00000)
 Metaspace       used 22270K, capacity 22928K, committed 23168K, reserved 1069056K
  class space    used 2955K, capacity 3164K, committed 3200K, reserved 1048576K
}
Event: 18.338 GC heap before
{Heap before GC invocations=12 (full 1):
 PSYoungGen      total 91136K, used 91062K [0x00000000f6200000, 0x00000000fce00000, 0x0000000100000000)
  eden space 87552K, 100% used [0x00000000f6200000,0x00000000fb780000,0x00000000fb780000)
  from space 3584K, 97% used [0x00000000fca80000,0x00000000fcded8b8,0x00000000fce00000)
  to   space 6144K, 0% used [0x00000000fc200000,0x00000000fc200000,0x00000000fc800000)
 ParOldGen       total 20480K, used 7381K [0x00000000e2600000, 0x00000000e3a00000, 0x00000000f6200000)
  object space 20480K, 36% used [0x00000000e2600000,0x00000000e2d356a8,0x00000000e3a00000)
 Metaspace       used 24807K, capacity 25638K, committed 25984K, reserved 1071104K
  class space    used 3371K, capacity 3595K, committed 3712K, reserved 1048576K

