# JRE version: Java(TM) SE Runtime Environment (8.0_172-b11) (build 1.8.0_172-b11)
# Java VM: Java HotSpot(TM) 64-Bit Server VM (25.172-b11 mixed mode linux-amd64 compressed oops)
Heap:
 PSYoungGen      total 70144K, used 7680K [0x00000000f6200000, 0x00000000fb000000, 0x0000000100000000)
  eden space 62464K, 0% used [0x00000000f6200000,0x00000000f6200000,0x00000000f9f00000)
  from space 7680K, 100% used [0x00000000f9f00000,0x00000000fa680000,0x00000000fa680000)
  to   space 5632K, 0% used [0x00000000fa680000,0x00000000fa680000,0x00000000fac00000)
 ParOldGen       total 20480K, used 15513K [0x00000000e2600000, 0x00000000e3a00000, 0x00000000f6200000)
  object space 20480K, 75% used [0x00000000e2600000,0x00000000e35264b8,0x00000000e3a00000)
 Metaspace       used 16556K, capacity 16840K, committed 17280K, reserved 1064960K
  class space    used 1986K, capacity 2074K, committed 2176K, reserved 1048576K
GC Heap History (10 events):
Event: 1.717 GC heap after
Heap after GC invocations=4 (full 0):
 PSYoungGen      total 17408K, used 1001K [0x00000000f6200000, 0x00000000f7400000, 0x0000000100000000)
  eden space 16384K, 0% used [0x00000000f6200000,0x00000000f6200000,0x00000000f7200000)
  from space 1024K, 97% used [0x00000000f7300000,0x00000000f73fa6c0,0x00000000f7400000)
  to   space 1024K, 0% used [0x00000000f7200000,0x00000000f7200000,0x00000000f7300000)
 ParOldGen       total 20480K, used 4426K [0x00000000e2600000, 0x00000000e3a00000, 0x00000000f6200000)
  object space 20480K, 21% used [0x00000000e2600000,0x00000000e2a52b90,0x00000000e3a00000)
 Metaspace       used 8296K, capacity 8444K, committed 8576K, reserved 1056768K
  class space    used 1033K, capacity 1112K, committed 1152K, reserved 1048576K
}
Event: 2.216 GC heap before
{Heap before GC invocations=5 (full 0):
 PSYoungGen      total 17408K, used 17385K [0x00000000f6200000, 0x00000000f7400000, 0x0000000100000000)
  eden space 16384K, 100% used [0x00000000f6200000,0x00000000f7200000,0x00000000f7200000)
  from space 1024K, 97% used [0x00000000f7300000,0x00000000f73fa6c0,0x00000000f7400000)
  to   space 1024K, 0% used [0x00000000f7200000,0x00000000f7200000,0x00000000f7300000)
 ParOldGen       total 20480K, used 4426K [0x00000000e2600000, 0x00000000e3a00000, 0x00000000f6200000)
  object space 20480K, 21% used [0x00000000e2600000,0x00000000e2a52b90,0x00000000e3a00000)
 Metaspace       used 10506K, capacity 10686K, committed 11008K, reserved 1058816K
  class space    used 1324K, capacity 1411K, committed 1536K, reserved 1048576K
Event: 2.227 GC heap after
Heap after GC invocations=5 (full 0):
 PSYoungGen      total 17408K, used 992K [0x00000000f6200000, 0x00000000f8a00000, 0x0000000100000000)
  eden space 16384K, 0% used [0x00000000f6200000,0x00000000f6200000,0x00000000f7200000)
  from space 1024K, 96% used [0x00000000f7200000,0x00000000f72f8020,0x00000000f7300000)
  to   space 4096K, 0% used [0x00000000f8600000,0x00000000f8600000,0x00000000f8a00000)
 ParOldGen       total 20480K, used 7406K [0x00000000e2600000, 0x00000000e3a00000, 0x00000000f6200000)
  object space 20480K, 36% used [0x00000000e2600000,0x00000000e2d3b888,0x00000000e3a00000)
 Metaspace       used 10506K, capacity 10686K, committed 11008K, reserved 1058816K
  class space    used 1324K, capacity 1411K, committed 1536K, reserved 1048576K
}
Event: 2.899 GC heap before
{Heap before GC invocations=6 (full 0):
 PSYoungGen      total 17408K, used 17376K [0x00000000f6200000, 0x00000000f8a00000, 0x0000000100000000)
  eden space 16384K, 100% used [0x00000000f6200000,0x00000000f7200000,0x00000000f7200000)
  from space 1024K, 96% used [0x00000000f7200000,0x00000000f72f8020,0x00000000f7300000)
  to   space 4096K, 0% used [0x00000000f8600000,0x00000000f8600000,0x00000000f8a00000)
 ParOldGen       total 20480K, used 7406K [0x00000000e2600000, 0x00000000e3a00000, 0x00000000f6200000)
  object space 20480K, 36% used [0x00000000e2600000,0x00000000e2d3b888,0x00000000e3a00000)
 Metaspace       used 12620K, capacity 12846K, committed 13056K, reserved 1060864K
  class space    used 1601K, capacity 1701K, committed 1792K, reserved 1048576K
Event: 2.914 GC heap after
Heap after GC invocations=6 (full 0):
 PSYoungGen      total 36352K, used 3844K [0x00000000f6200000, 0x00000000f8b00000, 0x0000000100000000)
  eden space 32256K, 0% used [0x00000000f6200000,0x00000000f6200000,0x00000000f8180000)
  from space 4096K, 93% used [0x00000000f8600000,0x00000000f89c12c8,0x00000000f8a00000)
  to   space 4608K, 0% used [0x00000000f8180000,0x00000000f8180000,0x00000000f8600000)
 ParOldGen       total 20480K, used 7414K [0x00000000e2600000, 0x00000000e3a00000, 0x00000000f6200000)
  object space 20480K, 36% used [0x00000000e2600000,0x00000000e2d3d888,0x00000000e3a00000)
 Metaspace       used 12620K, capacity 12846K, committed 13056K, reserved 1060864K
  class space    used 1601K, capacity 1701K, committed 1792K, reserved 1048576K
}
Event: 4.804 GC heap before
{Heap before GC invocations=7 (full 0):
 PSYoungGen      total 36352K, used 36100K [0x00000000f6200000, 0x00000000f8b00000, 0x0000000100000000)
  eden space 32256K, 100% used [0x00000000f6200000,0x00000000f8180000,0x00000000f8180000)
  from space 4096K, 93% used [0x00000000f8600000,0x00000000f89c12c8,0x00000000f8a00000)
  to   space 4608K, 0% used [0x00000000f8180000,0x00000000f8180000,0x00000000f8600000)
 ParOldGen       total 20480K, used 7414K [0x00000000e2600000, 0x00000000e3a00000, 0x00000000f6200000)
  object space 20480K, 36% used [0x00000000e2600000,0x00000000e2d3d888,0x00000000e3a00000)
 Metaspace       used 15608K, capacity 15812K, committed 16128K, reserved 1062912K
  class space    used 1932K, capacity 2035K, committed 2048K, reserved 1048576K
Event: 4.841 GC heap after
Heap after GC invocations=7 (full 0):
 PSYoungGen      total 36864K, used 4578K [0x00000000f6200000, 0x00000000fac00000, 0x0000000100000000)
  eden space 32256K, 0% used [0x00000000f6200000,0x00000000f6200000,0x00000000f8180000)
  from space 4608K, 99% used [0x00000000f8180000,0x00000000f85f8ba0,0x00000000f8600000)
  to   space 5632K, 0% used [0x00000000fa680000,0x00000000fa680000,0x00000000fac00000)
 ParOldGen       total 20480K, used 8469K [0x00000000e2600000, 0x00000000e3a00000, 0x00000000f6200000)
  object space 20480K, 41% used [0x00000000e2600000,0x00000000e2e45768,0x00000000e3a00000)
 Metaspace       used 15608K, capacity 15812K, committed 16128K, reserved 1062912K
  class space    used 1932K, capacity 2035K, committed 2048K, reserved 1048576K
}
Event: 5.832 GC heap before
{Heap before GC invocations=8 (full 0):
 PSYoungGen      total 36864K, used 36834K [0x00000000f6200000, 0x00000000fac00000, 0x0000000100000000)
  eden space 32256K, 100% used [0x00000000f6200000,0x00000000f8180000,0x00000000f8180000)
  from space 4608K, 99% used [0x00000000f8180000,0x00000000f85f8ba0,0x00000000f8600000)
  to   space 5632K, 0% used [0x00000000fa680000,0x00000000fa680000,0x00000000fac00000)
 ParOldGen       total 20480K, used 8469K [0x00000000e2600000, 0x00000000e3a00000, 0x00000000f6200000)
  object space 20480K, 41% used [0x00000000e2600000,0x00000000e2e45768,0x00000000e3a00000)
 Metaspace       used 15902K, capacity 16080K, committed 16384K, reserved 1062912K
  class space    used 1945K, capacity 2037K, committed 2048K, reserved 1048576K
Event: 5.871 GC heap after
Heap after GC invocations=8 (full 0):
 PSYoungGen      total 68096K, used 5616K [0x00000000f6200000, 0x00000000fb000000, 0x0000000100000000)
  eden space 62464K, 0% used [0x00000000f6200000,0x00000000f6200000,0x00000000f9f00000)
  from space 5632K, 99% used [0x00000000fa680000,0x00000000fabfc010,0x00000000fac00000)
  to   space 7680K, 0% used [0x00000000f9f00000,0x00000000f9f00000,0x00000000fa680000)
 ParOldGen       total 20480K, used 11106K [0x00000000e2600000, 0x00000000e3a00000, 0x00000000f6200000)
  object space 20480K, 54% used [0x00000000e2600000,0x00000000e30d8a80,0x00000000e3a00000)
 Metaspace       used 15902K, capacity 16080K, committed 16384K, reserved 1062912K
  class space    used 1945K, capacity 2037K, committed 2048K, reserved 1048576K
}
Event: 8.115 GC heap before
{Heap before GC invocations=9 (full 0):
 PSYoungGen      total 68096K, used 68080K [0x00000000f6200000, 0x00000000fb000000, 0x0000000100000000)
  eden space 62464K, 100% used [0x00000000f6200000,0x00000000f9f00000,0x00000000f9f00000)
  from space 5632K, 99% used [0x00000000fa680000,0x00000000fabfc010,0x00000000fac00000)
  to   space 7680K, 0% used [0x00000000f9f00000,0x00000000f9f00000,0x00000000fa680000)
 ParOldGen       total 20480K, used 11106K [0x00000000e2600000, 0x00000000e3a00000, 0x00000000f6200000)
  object space 20480K, 54% used [0x00000000e2600000,0x00000000e30d8a80,0x00000000e3a00000)
 Metaspace       used 16556K, capacity 16840K, committed 17280K, reserved 1064960K
  class space    used 1986K, capacity 2074K, committed 2176K, reserved 1048576K

