# JRE version: Java(TM) SE Runtime Environment (8.0_172-b11) (build 1.8.0_172-b11)
# Java VM: Java HotSpot(TM) 64-Bit Server VM (25.172-b11 mixed mode linux-amd64 compressed oops)
Heap:
 PSYoungGen      total 70656K, used 7680K [0x00000000f6200000, 0x00000000fb000000, 0x0000000100000000)
  eden space 62976K, 0% used [0x00000000f6200000,0x00000000f6200000,0x00000000f9f80000)
  from space 7680K, 100% used [0x00000000f9f80000,0x00000000fa700000,0x00000000fa700000)
  to   space 6144K, 0% used [0x00000000fa700000,0x00000000fa700000,0x00000000fad00000)
 ParOldGen       total 20480K, used 16624K [0x00000000e2600000, 0x00000000e3a00000, 0x00000000f6200000)
  object space 20480K, 81% used [0x00000000e2600000,0x00000000e363c3b0,0x00000000e3a00000)
 Metaspace       used 16562K, capacity 16840K, committed 17280K, reserved 1064960K
  class space    used 1985K, capacity 2074K, committed 2176K, reserved 1048576K
GC Heap History (10 events):
Event: 2.016 GC heap after
Heap after GC invocations=4 (full 0):
 PSYoungGen      total 17408K, used 1012K [0x00000000f6200000, 0x00000000f7400000, 0x0000000100000000)
  eden space 16384K, 0% used [0x00000000f6200000,0x00000000f6200000,0x00000000f7200000)
  from space 1024K, 98% used [0x00000000f7300000,0x00000000f73fd350,0x00000000f7400000)
  to   space 1024K, 0% used [0x00000000f7200000,0x00000000f7200000,0x00000000f7300000)
 ParOldGen       total 20480K, used 4304K [0x00000000e2600000, 0x00000000e3a00000, 0x00000000f6200000)
  object space 20480K, 21% used [0x00000000e2600000,0x00000000e2a340a0,0x00000000e3a00000)
 Metaspace       used 8302K, capacity 8444K, committed 8576K, reserved 1056768K
  class space    used 1033K, capacity 1112K, committed 1152K, reserved 1048576K
}
Event: 2.541 GC heap before
{Heap before GC invocations=5 (full 0):
 PSYoungGen      total 17408K, used 17396K [0x00000000f6200000, 0x00000000f7400000, 0x0000000100000000)
  eden space 16384K, 100% used [0x00000000f6200000,0x00000000f7200000,0x00000000f7200000)
  from space 1024K, 98% used [0x00000000f7300000,0x00000000f73fd350,0x00000000f7400000)
  to   space 1024K, 0% used [0x00000000f7200000,0x00000000f7200000,0x00000000f7300000)
 ParOldGen       total 20480K, used 4304K [0x00000000e2600000, 0x00000000e3a00000, 0x00000000f6200000)
  object space 20480K, 21% used [0x00000000e2600000,0x00000000e2a340a0,0x00000000e3a00000)
 Metaspace       used 10511K, capacity 10686K, committed 11008K, reserved 1058816K
  class space    used 1323K, capacity 1411K, committed 1536K, reserved 1048576K
Event: 2.552 GC heap after
Heap after GC invocations=5 (full 0):
 PSYoungGen      total 17408K, used 1024K [0x00000000f6200000, 0x00000000f8a00000, 0x0000000100000000)
  eden space 16384K, 0% used [0x00000000f6200000,0x00000000f6200000,0x00000000f7200000)
  from space 1024K, 100% used [0x00000000f7200000,0x00000000f7300000,0x00000000f7300000)
  to   space 4096K, 0% used [0x00000000f8600000,0x00000000f8600000,0x00000000f8a00000)
 ParOldGen       total 20480K, used 7314K [0x00000000e2600000, 0x00000000e3a00000, 0x00000000f6200000)
  object space 20480K, 35% used [0x00000000e2600000,0x00000000e2d24958,0x00000000e3a00000)
 Metaspace       used 10511K, capacity 10686K, committed 11008K, reserved 1058816K
  class space    used 1323K, capacity 1411K, committed 1536K, reserved 1048576K
}
Event: 3.267 GC heap before
{Heap before GC invocations=6 (full 0):
 PSYoungGen      total 17408K, used 17408K [0x00000000f6200000, 0x00000000f8a00000, 0x0000000100000000)
  eden space 16384K, 100% used [0x00000000f6200000,0x00000000f7200000,0x00000000f7200000)
  from space 1024K, 100% used [0x00000000f7200000,0x00000000f7300000,0x00000000f7300000)
  to   space 4096K, 0% used [0x00000000f8600000,0x00000000f8600000,0x00000000f8a00000)
 ParOldGen       total 20480K, used 7314K [0x00000000e2600000, 0x00000000e3a00000, 0x00000000f6200000)
  object space 20480K, 35% used [0x00000000e2600000,0x00000000e2d24958,0x00000000e3a00000)
 Metaspace       used 12631K, capacity 12846K, committed 13056K, reserved 1060864K
  class space    used 1601K, capacity 1701K, committed 1792K, reserved 1048576K
Event: 3.276 GC heap after
Heap after GC invocations=6 (full 0):
 PSYoungGen      total 36352K, used 3819K [0x00000000f6200000, 0x00000000f8b00000, 0x0000000100000000)
  eden space 32256K, 0% used [0x00000000f6200000,0x00000000f6200000,0x00000000f8180000)
  from space 4096K, 93% used [0x00000000f8600000,0x00000000f89bacd8,0x00000000f8a00000)
  to   space 4608K, 0% used [0x00000000f8180000,0x00000000f8180000,0x00000000f8600000)
 ParOldGen       total 20480K, used 7314K [0x00000000e2600000, 0x00000000e3a00000, 0x00000000f6200000)
  object space 20480K, 35% used [0x00000000e2600000,0x00000000e2d24958,0x00000000e3a00000)
 Metaspace       used 12631K, capacity 12846K, committed 13056K, reserved 1060864K
  class space    used 1601K, capacity 1701K, committed 1792K, reserved 1048576K
}
Event: 4.661 GC heap before
{Heap before GC invocations=7 (full 0):
 PSYoungGen      total 36352K, used 36075K [0x00000000f6200000, 0x00000000f8b00000, 0x0000000100000000)
  eden space 32256K, 100% used [0x00000000f6200000,0x00000000f8180000,0x00000000f8180000)
  from space 4096K, 93% used [0x00000000f8600000,0x00000000f89bacd8,0x00000000f8a00000)
  to   space 4608K, 0% used [0x00000000f8180000,0x00000000f8180000,0x00000000f8600000)
 ParOldGen       total 20480K, used 7314K [0x00000000e2600000, 0x00000000e3a00000, 0x00000000f6200000)
  object space 20480K, 35% used [0x00000000e2600000,0x00000000e2d24958,0x00000000e3a00000)
 Metaspace       used 15618K, capacity 15812K, committed 16128K, reserved 1062912K
  class space    used 1932K, capacity 2035K, committed 2048K, reserved 1048576K
Event: 4.678 GC heap after
Heap after GC invocations=7 (full 0):
 PSYoungGen      total 36864K, used 4578K [0x00000000f6200000, 0x00000000fad00000, 0x0000000100000000)
  eden space 32256K, 0% used [0x00000000f6200000,0x00000000f6200000,0x00000000f8180000)
  from space 4608K, 99% used [0x00000000f8180000,0x00000000f85f8b80,0x00000000f8600000)
  to   space 6144K, 0% used [0x00000000fa700000,0x00000000fa700000,0x00000000fad00000)
 ParOldGen       total 20480K, used 8405K [0x00000000e2600000, 0x00000000e3a00000, 0x00000000f6200000)
  object space 20480K, 41% used [0x00000000e2600000,0x00000000e2e35528,0x00000000e3a00000)
 Metaspace       used 15618K, capacity 15812K, committed 16128K, reserved 1062912K
  class space    used 1932K, capacity 2035K, committed 2048K, reserved 1048576K
}
Event: 5.212 GC heap before
{Heap before GC invocations=8 (full 0):
 PSYoungGen      total 36864K, used 36834K [0x00000000f6200000, 0x00000000fad00000, 0x0000000100000000)
  eden space 32256K, 100% used [0x00000000f6200000,0x00000000f8180000,0x00000000f8180000)
  from space 4608K, 99% used [0x00000000f8180000,0x00000000f85f8b80,0x00000000f8600000)
  to   space 6144K, 0% used [0x00000000fa700000,0x00000000fa700000,0x00000000fad00000)
 ParOldGen       total 20480K, used 8405K [0x00000000e2600000, 0x00000000e3a00000, 0x00000000f6200000)
  object space 20480K, 41% used [0x00000000e2600000,0x00000000e2e35528,0x00000000e3a00000)
 Metaspace       used 15915K, capacity 16144K, committed 16384K, reserved 1062912K
  class space    used 1944K, capacity 2037K, committed 2048K, reserved 1048576K
Event: 5.243 GC heap after
Heap after GC invocations=8 (full 0):
 PSYoungGen      total 69120K, used 6144K [0x00000000f6200000, 0x00000000fb000000, 0x0000000100000000)
  eden space 62976K, 0% used [0x00000000f6200000,0x00000000f6200000,0x00000000f9f80000)
  from space 6144K, 100% used [0x00000000fa700000,0x00000000fad00000,0x00000000fad00000)
  to   space 7680K, 0% used [0x00000000f9f80000,0x00000000f9f80000,0x00000000fa700000)
 ParOldGen       total 20480K, used 10595K [0x00000000e2600000, 0x00000000e3a00000, 0x00000000f6200000)
  object space 20480K, 51% used [0x00000000e2600000,0x00000000e3058cd8,0x00000000e3a00000)
 Metaspace       used 15915K, capacity 16144K, committed 16384K, reserved 1062912K
  class space    used 1944K, capacity 2037K, committed 2048K, reserved 1048576K
}
Event: 6.731 GC heap before
{Heap before GC invocations=9 (full 0):
 PSYoungGen      total 69120K, used 69120K [0x00000000f6200000, 0x00000000fb000000, 0x0000000100000000)
  eden space 62976K, 100% used [0x00000000f6200000,0x00000000f9f80000,0x00000000f9f80000)
  from space 6144K, 100% used [0x00000000fa700000,0x00000000fad00000,0x00000000fad00000)
  to   space 7680K, 0% used [0x00000000f9f80000,0x00000000f9f80000,0x00000000fa700000)
 ParOldGen       total 20480K, used 10595K [0x00000000e2600000, 0x00000000e3a00000, 0x00000000f6200000)
  object space 20480K, 51% used [0x00000000e2600000,0x00000000e3058cd8,0x00000000e3a00000)
 Metaspace       used 16562K, capacity 16840K, committed 17280K, reserved 1064960K
  class space    used 1985K, capacity 2074K, committed 2176K, reserved 1048576K

