# JRE version: Java(TM) SE Runtime Environment (8.0_172-b11) (build 1.8.0_172-b11)
# Java VM: Java HotSpot(TM) 64-Bit Server VM (25.172-b11 mixed mode linux-amd64 compressed oops)
Heap:
 PSYoungGen      total 152576K, used 6956K [0x00000000f6200000, 0x0000000100000000, 0x0000000100000000)
  eden space 143360K, 4% used [0x00000000f6200000,0x00000000f68cb308,0x00000000fee00000)
  from space 9216K, 0% used [0x00000000fee00000,0x00000000fee00000,0x00000000ff700000)
  to   space 9216K, 0% used [0x00000000ff700000,0x00000000ff700000,0x0000000100000000)
 ParOldGen       total 245248K, used 245213K [0x00000000e2600000, 0x00000000f1580000, 0x00000000f6200000)
  object space 245248K, 99% used [0x00000000e2600000,0x00000000f15774a0,0x00000000f1580000)
 Metaspace       used 91344K, capacity 100448K, committed 100648K, reserved 1136640K
  class space    used 11469K, capacity 13319K, committed 13352K, reserved 1048576K
GC Heap History (10 events):
Event: 7192.876 GC heap after
Heap after GC invocations=214 (full 57):
 PSYoungGen      total 152576K, used 5138K [0x00000000f6200000, 0x0000000100000000, 0x0000000100000000)
  eden space 143360K, 0% used [0x00000000f6200000,0x00000000f6200000,0x00000000fee00000)
  from space 9216K, 55% used [0x00000000fee00000,0x00000000ff304b80,0x00000000ff700000)
  to   space 9216K, 0% used [0x00000000ff700000,0x00000000ff700000,0x0000000100000000)
 ParOldGen       total 245248K, used 238763K [0x00000000e2600000, 0x00000000f1580000, 0x00000000f6200000)
  object space 245248K, 97% used [0x00000000e2600000,0x00000000f0f2ac88,0x00000000f1580000)
 Metaspace       used 90911K, capacity 99886K, committed 100136K, reserved 1136640K
  class space    used 11426K, capacity 13239K, committed 13352K, reserved 1048576K
}
Event: 7192.876 GC heap before
{Heap before GC invocations=215 (full 58):
 PSYoungGen      total 152576K, used 5138K [0x00000000f6200000, 0x0000000100000000, 0x0000000100000000)
  eden space 143360K, 0% used [0x00000000f6200000,0x00000000f6200000,0x00000000fee00000)
  from space 9216K, 55% used [0x00000000fee00000,0x00000000ff304b80,0x00000000ff700000)
  to   space 9216K, 0% used [0x00000000ff700000,0x00000000ff700000,0x0000000100000000)
 ParOldGen       total 245248K, used 238763K [0x00000000e2600000, 0x00000000f1580000, 0x00000000f6200000)
  object space 245248K, 97% used [0x00000000e2600000,0x00000000f0f2ac88,0x00000000f1580000)
 Metaspace       used 90911K, capacity 99886K, committed 100136K, reserved 1136640K
  class space    used 11426K, capacity 13239K, committed 13352K, reserved 1048576K
Event: 7195.465 GC heap after
Heap after GC invocations=215 (full 58):
 PSYoungGen      total 152576K, used 0K [0x00000000f6200000, 0x0000000100000000, 0x0000000100000000)
  eden space 143360K, 0% used [0x00000000f6200000,0x00000000f6200000,0x00000000fee00000)
  from space 9216K, 0% used [0x00000000fee00000,0x00000000fee00000,0x00000000ff700000)
  to   space 9216K, 0% used [0x00000000ff700000,0x00000000ff700000,0x0000000100000000)
 ParOldGen       total 245248K, used 242061K [0x00000000e2600000, 0x00000000f1580000, 0x00000000f6200000)
  object space 245248K, 98% used [0x00000000e2600000,0x00000000f12636a0,0x00000000f1580000)
 Metaspace       used 90903K, capacity 99874K, committed 100136K, reserved 1136640K
  class space    used 11425K, capacity 13237K, committed 13352K, reserved 1048576K
}
Event: 7197.408 GC heap before
{Heap before GC invocations=216 (full 58):
 PSYoungGen      total 152576K, used 143360K [0x00000000f6200000, 0x0000000100000000, 0x0000000100000000)
  eden space 143360K, 100% used [0x00000000f6200000,0x00000000fee00000,0x00000000fee00000)
  from space 9216K, 0% used [0x00000000fee00000,0x00000000fee00000,0x00000000ff700000)
  to   space 9216K, 0% used [0x00000000ff700000,0x00000000ff700000,0x0000000100000000)
 ParOldGen       total 245248K, used 242061K [0x00000000e2600000, 0x00000000f1580000, 0x00000000f6200000)
  object space 245248K, 98% used [0x00000000e2600000,0x00000000f12636a0,0x00000000f1580000)
 Metaspace       used 91016K, capacity 100058K, committed 100392K, reserved 1136640K
  class space    used 11441K, capacity 13277K, committed 13352K, reserved 1048576K
Event: 7197.434 GC heap after
Heap after GC invocations=216 (full 58):
 PSYoungGen      total 152576K, used 7251K [0x00000000f6200000, 0x0000000100000000, 0x0000000100000000)
  eden space 143360K, 0% used [0x00000000f6200000,0x00000000f6200000,0x00000000fee00000)
  from space 9216K, 78% used [0x00000000ff700000,0x00000000ffe14d78,0x0000000100000000)
  to   space 9216K, 0% used [0x00000000fee00000,0x00000000fee00000,0x00000000ff700000)
 ParOldGen       total 245248K, used 242069K [0x00000000e2600000, 0x00000000f1580000, 0x00000000f6200000)
  object space 245248K, 98% used [0x00000000e2600000,0x00000000f12656a0,0x00000000f1580000)
 Metaspace       used 91016K, capacity 100058K, committed 100392K, reserved 1136640K
  class space    used 11441K, capacity 13277K, committed 13352K, reserved 1048576K
}
Event: 7240.186 GC heap before
{Heap before GC invocations=217 (full 58):
 PSYoungGen      total 152576K, used 118271K [0x00000000f6200000, 0x0000000100000000, 0x0000000100000000)
  eden space 143360K, 77% used [0x00000000f6200000,0x00000000fce6af88,0x00000000fee00000)
  from space 9216K, 78% used [0x00000000ff700000,0x00000000ffe14d78,0x0000000100000000)
  to   space 9216K, 0% used [0x00000000fee00000,0x00000000fee00000,0x00000000ff700000)
 ParOldGen       total 245248K, used 242069K [0x00000000e2600000, 0x00000000f1580000, 0x00000000f6200000)
  object space 245248K, 98% used [0x00000000e2600000,0x00000000f12656a0,0x00000000f1580000)
 Metaspace       used 91247K, capacity 100270K, committed 100392K, reserved 1136640K
  class space    used 11453K, capacity 13280K, committed 13352K, reserved 1048576K
Event: 7240.232 GC heap after
Heap after GC invocations=217 (full 58):
 PSYoungGen      total 152576K, used 5186K [0x00000000f6200000, 0x0000000100000000, 0x0000000100000000)
  eden space 143360K, 0% used [0x00000000f6200000,0x00000000f6200000,0x00000000fee00000)
  from space 9216K, 56% used [0x00000000fee00000,0x00000000ff310b70,0x00000000ff700000)
  to   space 9216K, 0% used [0x00000000ff700000,0x00000000ff700000,0x0000000100000000)
 ParOldGen       total 245248K, used 242077K [0x00000000e2600000, 0x00000000f1580000, 0x00000000f6200000)
  object space 245248K, 98% used [0x00000000e2600000,0x00000000f12676a0,0x00000000f1580000)
 Metaspace       used 91247K, capacity 100270K, committed 100392K, reserved 1136640K
  class space    used 11453K, capacity 13280K, committed 13352K, reserved 1048576K
}
Event: 7240.232 GC heap before
{Heap before GC invocations=218 (full 59):
 PSYoungGen      total 152576K, used 5186K [0x00000000f6200000, 0x0000000100000000, 0x0000000100000000)
  eden space 143360K, 0% used [0x00000000f6200000,0x00000000f6200000,0x00000000fee00000)
  from space 9216K, 56% used [0x00000000fee00000,0x00000000ff310b70,0x00000000ff700000)
  to   space 9216K, 0% used [0x00000000ff700000,0x00000000ff700000,0x0000000100000000)
 ParOldGen       total 245248K, used 242077K [0x00000000e2600000, 0x00000000f1580000, 0x00000000f6200000)
  object space 245248K, 98% used [0x00000000e2600000,0x00000000f12676a0,0x00000000f1580000)
 Metaspace       used 91247K, capacity 100270K, committed 100392K, reserved 1136640K
  class space    used 11453K, capacity 13280K, committed 13352K, reserved 1048576K
Event: 7242.506 GC heap after
Heap after GC invocations=218 (full 59):
 PSYoungGen      total 152576K, used 480K [0x00000000f6200000, 0x0000000100000000, 0x0000000100000000)
  eden space 143360K, 0% used [0x00000000f6200000,0x00000000f6200000,0x00000000fee00000)
  from space 9216K, 5% used [0x00000000fee00000,0x00000000fee781a0,0x00000000ff700000)
  to   space 9216K, 0% used [0x00000000ff700000,0x00000000ff700000,0x0000000100000000)
 ParOldGen       total 245248K, used 245238K [0x00000000e2600000, 0x00000000f1580000, 0x00000000f6200000)
  object space 245248K, 99% used [0x00000000e2600000,0x00000000f157da18,0x00000000f1580000)
 Metaspace       used 91243K, capacity 100264K, committed 100392K, reserved 1136640K
  class space    used 11453K, capacity 13279K, committed 13352K, reserved 1048576K
}
Event: 7244.345 GC heap before
{Heap before GC invocations=219 (full 60):
 PSYoungGen      total 152576K, used 143840K [0x00000000f6200000, 0x0000000100000000, 0x0000000100000000)
  eden space 143360K, 100% used [0x00000000f6200000,0x00000000fee00000,0x00000000fee00000)
  from space 9216K, 5% used [0x00000000fee00000,0x00000000fee781a0,0x00000000ff700000)
  to   space 9216K, 0% used [0x00000000ff700000,0x00000000ff700000,0x0000000100000000)
 ParOldGen       total 245248K, used 245238K [0x00000000e2600000, 0x00000000f1580000, 0x00000000f6200000)
  object space 245248K, 99% used [0x00000000e2600000,0x00000000f157da18,0x00000000f1580000)
 Metaspace       used 91344K, capacity 100448K, committed 100648K, reserved 1136640K
  class space    used 11469K, capacity 13319K, committed 13352K, reserved 1048576K

